<?xml version="1.0" encoding="UTF-8"?>
<testsuite xmlns:xsi="http://www.w3.org/2001/XMLSchema-instance" xsi:noNamespaceSchemaLocation="https://maven.apache.org/surefire/maven-surefire-plugin/xsd/surefire-test-report.xsd" name="com.cognizant.processpensionmodule.exception.ProcessPensionExceptionTest" time="0.015" tests="3" errors="0" skipped="0" failures="0">
  <properties>
    <property name="java.specification.version" value="15"/>
    <property name="sun.cpu.isalist" value="amd64"/>
    <property name="sun.jnu.encoding" value="Cp1252"/>
    <property name="java.class.path" value="C:\Users\Gopal&apos;s PC\Desktop\Hands on\Hacker Rank\pension\Pension-Management-System-master\Pension-Management-System-master\process-pension-module\target\test-classes;C:\Users\Gopal&apos;s PC\Desktop\Hands on\Hacker Rank\pension\Pension-Management-System-master\Pension-Management-System-master\process-pension-module\target\classes;C:\Users\Gopal&apos;s PC\.m2\repository\nl\jqno\equalsverifier\equalsverifier\3.4.1\equalsverifier-3.4.1.jar;C:\Users\Gopal&apos;s PC\.m2\repository\io\github\robwin\assertj-swagger\0.6.0\assertj-swagger-0.6.0.jar;C:\Users\Gopal&apos;s PC\.m2\repository\io\swagger\swagger-compat-spec-parser\1.0.17\swagger-compat-spec-parser-1.0.17.jar;C:\Users\Gopal&apos;s PC\.m2\repository\io\swagger\swagger-core\1.5.6\swagger-core-1.5.6.jar;C:\Users\Gopal&apos;s PC\.m2\repository\org\apache\commons\commons-lang3\3.10\commons-lang3-3.10.jar;C:\Users\Gopal&apos;s PC\.m2\repository\com\fasterxml\jackson\datatype\jackson-datatype-joda\2.11.1\jackson-datatype-joda-2.11.1.jar;C:\Users\Gopal&apos;s PC\.m2\repository\com\fasterxml\jackson\dataformat\jackson-dataformat-yaml\2.11.1\jackson-dataformat-yaml-2.11.1.jar;C:\Users\Gopal&apos;s PC\.m2\repository\javax\validation\validation-api\2.0.1.Final\validation-api-2.0.1.Final.jar;C:\Users\Gopal&apos;s PC\.m2\repository\io\swagger\swagger-parser\1.0.17\swagger-parser-1.0.17.jar;C:\Users\Gopal&apos;s PC\.m2\repository\org\slf4j\slf4j-ext\1.7.30\slf4j-ext-1.7.30.jar;C:\Users\Gopal&apos;s PC\.m2\repository\commons-io\commons-io\2.4\commons-io-2.4.jar;C:\Users\Gopal&apos;s PC\.m2\repository\com\github\fge\json-schema-validator\2.2.3\json-schema-validator-2.2.3.jar;C:\Users\Gopal&apos;s PC\.m2\repository\joda-time\joda-time\2.3\joda-time-2.3.jar;C:\Users\Gopal&apos;s PC\.m2\repository\com\github\fge\json-schema-core\1.2.1\json-schema-core-1.2.1.jar;C:\Users\Gopal&apos;s PC\.m2\repository\com\github\fge\uri-template\0.9\uri-template-0.9.jar;C:\Users\Gopal&apos;s PC\.m2\repository\org\mozilla\rhino\1.7R4\rhino-1.7R4.jar;C:\Users\Gopal&apos;s PC\.m2\repository\com\googlecode\libphonenumber\libphonenumber\6.0\libphonenumber-6.0.jar;C:\Users\Gopal&apos;s PC\.m2\repository\javax\mail\mailapi\1.4.3\mailapi-1.4.3.jar;C:\Users\Gopal&apos;s PC\.m2\repository\javax\activation\activation\1.1\activation-1.1.jar;C:\Users\Gopal&apos;s PC\.m2\repository\net\sf\jopt-simple\jopt-simple\4.6\jopt-simple-4.6.jar;C:\Users\Gopal&apos;s PC\.m2\repository\com\github\fge\json-patch\1.6\json-patch-1.6.jar;C:\Users\Gopal&apos;s PC\.m2\repository\com\github\fge\jackson-coreutils\1.6\jackson-coreutils-1.6.jar;C:\Users\Gopal&apos;s PC\.m2\repository\com\github\fge\msg-simple\1.1\msg-simple-1.1.jar;C:\Users\Gopal&apos;s PC\.m2\repository\com\github\fge\btf\1.2\btf-1.2.jar;C:\Users\Gopal&apos;s PC\.m2\repository\org\apache\httpcomponents\httpclient\4.5.12\httpclient-4.5.12.jar;C:\Users\Gopal&apos;s PC\.m2\repository\org\apache\httpcomponents\httpcore\4.4.13\httpcore-4.4.13.jar;C:\Users\Gopal&apos;s PC\.m2\repository\commons-codec\commons-codec\1.14\commons-codec-1.14.jar;C:\Users\Gopal&apos;s PC\.m2\repository\commons-collections\commons-collections\3.2.1\commons-collections-3.2.1.jar;C:\Users\Gopal&apos;s PC\.m2\repository\org\slf4j\slf4j-api\1.7.30\slf4j-api-1.7.30.jar;C:\Users\Gopal&apos;s PC\.m2\repository\org\assertj\assertj-core\3.8.0\assertj-core-3.8.0.jar;C:\Users\Gopal&apos;s PC\.m2\repository\org\springframework\boot\spring-boot-starter-web\2.3.2.RELEASE\spring-boot-starter-web-2.3.2.RELEASE.jar;C:\Users\Gopal&apos;s PC\.m2\repository\org\springframework\boot\spring-boot-starter\2.3.2.RELEASE\spring-boot-starter-2.3.2.RELEASE.jar;C:\Users\Gopal&apos;s PC\.m2\repository\org\springframework\boot\spring-boot-starter-logging\2.3.2.RELEASE\spring-boot-starter-logging-2.3.2.RELEASE.jar;C:\Users\Gopal&apos;s PC\.m2\repository\ch\qos\logback\logback-classic\1.2.3\logback-classic-1.2.3.jar;C:\Users\Gopal&apos;s PC\.m2\repository\ch\qos\logback\logback-core\1.2.3\logback-core-1.2.3.jar;C:\Users\Gopal&apos;s PC\.m2\repository\org\apache\logging\log4j\log4j-to-slf4j\2.13.3\log4j-to-slf4j-2.13.3.jar;C:\Users\Gopal&apos;s PC\.m2\repository\org\apache\logging\log4j\log4j-api\2.13.3\log4j-api-2.13.3.jar;C:\Users\Gopal&apos;s PC\.m2\repository\org\slf4j\jul-to-slf4j\1.7.30\jul-to-slf4j-1.7.30.jar;C:\Users\Gopal&apos;s PC\.m2\repository\jakarta\annotation\jakarta.annotation-api\1.3.5\jakarta.annotation-api-1.3.5.jar;C:\Users\Gopal&apos;s PC\.m2\repository\org\yaml\snakeyaml\1.26\snakeyaml-1.26.jar;C:\Users\Gopal&apos;s PC\.m2\repository\org\springframework\boot\spring-boot-starter-json\2.3.2.RELEASE\spring-boot-starter-json-2.3.2.RELEASE.jar;C:\Users\Gopal&apos;s PC\.m2\repository\com\fasterxml\jackson\core\jackson-databind\2.11.1\jackson-databind-2.11.1.jar;C:\Users\Gopal&apos;s PC\.m2\repository\com\fasterxml\jackson\core\jackson-core\2.11.1\jackson-core-2.11.1.jar;C:\Users\Gopal&apos;s PC\.m2\repository\com\fasterxml\jackson\datatype\jackson-datatype-jdk8\2.11.1\jackson-datatype-jdk8-2.11.1.jar;C:\Users\Gopal&apos;s PC\.m2\repository\com\fasterxml\jackson\datatype\jackson-datatype-jsr310\2.11.1\jackson-datatype-jsr310-2.11.1.jar;C:\Users\Gopal&apos;s PC\.m2\repository\com\fasterxml\jackson\module\jackson-module-parameter-names\2.11.1\jackson-module-parameter-names-2.11.1.jar;C:\Users\Gopal&apos;s PC\.m2\repository\org\springframework\boot\spring-boot-starter-tomcat\2.3.2.RELEASE\spring-boot-starter-tomcat-2.3.2.RELEASE.jar;C:\Users\Gopal&apos;s PC\.m2\repository\org\apache\tomcat\embed\tomcat-embed-core\9.0.37\tomcat-embed-core-9.0.37.jar;C:\Users\Gopal&apos;s PC\.m2\repository\org\glassfish\jakarta.el\3.0.3\jakarta.el-3.0.3.jar;C:\Users\Gopal&apos;s PC\.m2\repository\org\apache\tomcat\embed\tomcat-embed-websocket\9.0.37\tomcat-embed-websocket-9.0.37.jar;C:\Users\Gopal&apos;s PC\.m2\repository\org\springframework\spring-web\5.2.8.RELEASE\spring-web-5.2.8.RELEASE.jar;C:\Users\Gopal&apos;s PC\.m2\repository\org\springframework\spring-beans\5.2.8.RELEASE\spring-beans-5.2.8.RELEASE.jar;C:\Users\Gopal&apos;s PC\.m2\repository\org\springframework\spring-webmvc\5.2.8.RELEASE\spring-webmvc-5.2.8.RELEASE.jar;C:\Users\Gopal&apos;s PC\.m2\repository\org\springframework\spring-aop\5.2.8.RELEASE\spring-aop-5.2.8.RELEASE.jar;C:\Users\Gopal&apos;s PC\.m2\repository\org\springframework\spring-context\5.2.8.RELEASE\spring-context-5.2.8.RELEASE.jar;C:\Users\Gopal&apos;s PC\.m2\repository\org\springframework\spring-expression\5.2.8.RELEASE\spring-expression-5.2.8.RELEASE.jar;C:\Users\Gopal&apos;s PC\.m2\repository\org\springframework\boot\spring-boot-devtools\2.3.2.RELEASE\spring-boot-devtools-2.3.2.RELEASE.jar;C:\Users\Gopal&apos;s PC\.m2\repository\org\springframework\boot\spring-boot\2.3.2.RELEASE\spring-boot-2.3.2.RELEASE.jar;C:\Users\Gopal&apos;s PC\.m2\repository\org\springframework\boot\spring-boot-autoconfigure\2.3.2.RELEASE\spring-boot-autoconfigure-2.3.2.RELEASE.jar;C:\Users\Gopal&apos;s PC\.m2\repository\org\springframework\boot\spring-boot-starter-test\2.3.2.RELEASE\spring-boot-starter-test-2.3.2.RELEASE.jar;C:\Users\Gopal&apos;s PC\.m2\repository\org\springframework\boot\spring-boot-test\2.3.2.RELEASE\spring-boot-test-2.3.2.RELEASE.jar;C:\Users\Gopal&apos;s PC\.m2\repository\org\springframework\boot\spring-boot-test-autoconfigure\2.3.2.RELEASE\spring-boot-test-autoconfigure-2.3.2.RELEASE.jar;C:\Users\Gopal&apos;s PC\.m2\repository\com\jayway\jsonpath\json-path\2.4.0\json-path-2.4.0.jar;C:\Users\Gopal&apos;s PC\.m2\repository\net\minidev\json-smart\2.3\json-smart-2.3.jar;C:\Users\Gopal&apos;s PC\.m2\repository\net\minidev\accessors-smart\1.2\accessors-smart-1.2.jar;C:\Users\Gopal&apos;s PC\.m2\repository\org\ow2\asm\asm\5.0.4\asm-5.0.4.jar;C:\Users\Gopal&apos;s PC\.m2\repository\jakarta\xml\bind\jakarta.xml.bind-api\2.3.3\jakarta.xml.bind-api-2.3.3.jar;C:\Users\Gopal&apos;s PC\.m2\repository\jakarta\activation\jakarta.activation-api\1.2.2\jakarta.activation-api-1.2.2.jar;C:\Users\Gopal&apos;s PC\.m2\repository\org\hamcrest\hamcrest\2.2\hamcrest-2.2.jar;C:\Users\Gopal&apos;s PC\.m2\repository\org\junit\jupiter\junit-jupiter\5.6.2\junit-jupiter-5.6.2.jar;C:\Users\Gopal&apos;s PC\.m2\repository\org\junit\jupiter\junit-jupiter-api\5.6.2\junit-jupiter-api-5.6.2.jar;C:\Users\Gopal&apos;s PC\.m2\repository\org\apiguardian\apiguardian-api\1.1.0\apiguardian-api-1.1.0.jar;C:\Users\Gopal&apos;s PC\.m2\repository\org\opentest4j\opentest4j\1.2.0\opentest4j-1.2.0.jar;C:\Users\Gopal&apos;s PC\.m2\repository\org\junit\platform\junit-platform-commons\1.6.2\junit-platform-commons-1.6.2.jar;C:\Users\Gopal&apos;s PC\.m2\repository\org\junit\jupiter\junit-jupiter-params\5.6.2\junit-jupiter-params-5.6.2.jar;C:\Users\Gopal&apos;s PC\.m2\repository\org\junit\jupiter\junit-jupiter-engine\5.6.2\junit-jupiter-engine-5.6.2.jar;C:\Users\Gopal&apos;s PC\.m2\repository\org\junit\platform\junit-platform-engine\1.6.2\junit-platform-engine-1.6.2.jar;C:\Users\Gopal&apos;s PC\.m2\repository\org\mockito\mockito-core\3.3.3\mockito-core-3.3.3.jar;C:\Users\Gopal&apos;s PC\.m2\repository\net\bytebuddy\byte-buddy\1.10.13\byte-buddy-1.10.13.jar;C:\Users\Gopal&apos;s PC\.m2\repository\net\bytebuddy\byte-buddy-agent\1.10.13\byte-buddy-agent-1.10.13.jar;C:\Users\Gopal&apos;s PC\.m2\repository\org\objenesis\objenesis\2.6\objenesis-2.6.jar;C:\Users\Gopal&apos;s PC\.m2\repository\org\mockito\mockito-junit-jupiter\3.3.3\mockito-junit-jupiter-3.3.3.jar;C:\Users\Gopal&apos;s PC\.m2\repository\org\skyscreamer\jsonassert\1.5.0\jsonassert-1.5.0.jar;C:\Users\Gopal&apos;s PC\.m2\repository\com\vaadin\external\google\android-json\0.0.20131108.vaadin1\android-json-0.0.20131108.vaadin1.jar;C:\Users\Gopal&apos;s PC\.m2\repository\org\springframework\spring-core\5.2.8.RELEASE\spring-core-5.2.8.RELEASE.jar;C:\Users\Gopal&apos;s PC\.m2\repository\org\springframework\spring-jcl\5.2.8.RELEASE\spring-jcl-5.2.8.RELEASE.jar;C:\Users\Gopal&apos;s PC\.m2\repository\org\springframework\spring-test\5.2.8.RELEASE\spring-test-5.2.8.RELEASE.jar;C:\Users\Gopal&apos;s PC\.m2\repository\org\xmlunit\xmlunit-core\2.7.0\xmlunit-core-2.7.0.jar;C:\Users\Gopal&apos;s PC\.m2\repository\org\projectlombok\lombok\1.18.12\lombok-1.18.12.jar;C:\Users\Gopal&apos;s PC\.m2\repository\org\springframework\cloud\spring-cloud-starter-openfeign\2.2.3.RELEASE\spring-cloud-starter-openfeign-2.2.3.RELEASE.jar;C:\Users\Gopal&apos;s PC\.m2\repository\org\springframework\cloud\spring-cloud-starter\2.2.3.RELEASE\spring-cloud-starter-2.2.3.RELEASE.jar;C:\Users\Gopal&apos;s PC\.m2\repository\org\springframework\cloud\spring-cloud-context\2.2.3.RELEASE\spring-cloud-context-2.2.3.RELEASE.jar;C:\Users\Gopal&apos;s PC\.m2\repository\org\springframework\security\spring-security-rsa\1.0.9.RELEASE\spring-security-rsa-1.0.9.RELEASE.jar;C:\Users\Gopal&apos;s PC\.m2\repository\org\bouncycastle\bcpkix-jdk15on\1.64\bcpkix-jdk15on-1.64.jar;C:\Users\Gopal&apos;s PC\.m2\repository\org\bouncycastle\bcprov-jdk15on\1.64\bcprov-jdk15on-1.64.jar;C:\Users\Gopal&apos;s PC\.m2\repository\org\springframework\cloud\spring-cloud-openfeign-core\2.2.3.RELEASE\spring-cloud-openfeign-core-2.2.3.RELEASE.jar;C:\Users\Gopal&apos;s PC\.m2\repository\org\springframework\cloud\spring-cloud-netflix-ribbon\2.2.3.RELEASE\spring-cloud-netflix-ribbon-2.2.3.RELEASE.jar;C:\Users\Gopal&apos;s PC\.m2\repository\org\springframework\cloud\spring-cloud-netflix-archaius\2.2.3.RELEASE\spring-cloud-netflix-archaius-2.2.3.RELEASE.jar;C:\Users\Gopal&apos;s PC\.m2\repository\org\springframework\boot\spring-boot-starter-aop\2.3.2.RELEASE\spring-boot-starter-aop-2.3.2.RELEASE.jar;C:\Users\Gopal&apos;s PC\.m2\repository\org\aspectj\aspectjweaver\1.9.6\aspectjweaver-1.9.6.jar;C:\Users\Gopal&apos;s PC\.m2\repository\io\github\openfeign\form\feign-form-spring\3.8.0\feign-form-spring-3.8.0.jar;C:\Users\Gopal&apos;s PC\.m2\repository\io\github\openfeign\form\feign-form\3.8.0\feign-form-3.8.0.jar;C:\Users\Gopal&apos;s PC\.m2\repository\commons-fileupload\commons-fileupload\1.4\commons-fileupload-1.4.jar;C:\Users\Gopal&apos;s PC\.m2\repository\org\springframework\cloud\spring-cloud-commons\2.2.3.RELEASE\spring-cloud-commons-2.2.3.RELEASE.jar;C:\Users\Gopal&apos;s PC\.m2\repository\org\springframework\security\spring-security-crypto\5.3.3.RELEASE\spring-security-crypto-5.3.3.RELEASE.jar;C:\Users\Gopal&apos;s PC\.m2\repository\io\github\openfeign\feign-core\10.10.1\feign-core-10.10.1.jar;C:\Users\Gopal&apos;s PC\.m2\repository\io\github\openfeign\feign-slf4j\10.10.1\feign-slf4j-10.10.1.jar;C:\Users\Gopal&apos;s PC\.m2\repository\io\github\openfeign\feign-hystrix\10.10.1\feign-hystrix-10.10.1.jar;C:\Users\Gopal&apos;s PC\.m2\repository\com\netflix\archaius\archaius-core\0.7.6\archaius-core-0.7.6.jar;C:\Users\Gopal&apos;s PC\.m2\repository\commons-configuration\commons-configuration\1.8\commons-configuration-1.8.jar;C:\Users\Gopal&apos;s PC\.m2\repository\commons-lang\commons-lang\2.6\commons-lang-2.6.jar;C:\Users\Gopal&apos;s PC\.m2\repository\com\netflix\hystrix\hystrix-core\1.5.18\hystrix-core-1.5.18.jar;C:\Users\Gopal&apos;s PC\.m2\repository\io\reactivex\rxjava\1.3.8\rxjava-1.3.8.jar;C:\Users\Gopal&apos;s PC\.m2\repository\org\hdrhistogram\HdrHistogram\2.1.9\HdrHistogram-2.1.9.jar;C:\Users\Gopal&apos;s PC\.m2\repository\io\springfox\springfox-swagger2\2.9.2\springfox-swagger2-2.9.2.jar;C:\Users\Gopal&apos;s PC\.m2\repository\io\swagger\swagger-annotations\1.5.20\swagger-annotations-1.5.20.jar;C:\Users\Gopal&apos;s PC\.m2\repository\io\swagger\swagger-models\1.5.20\swagger-models-1.5.20.jar;C:\Users\Gopal&apos;s PC\.m2\repository\com\fasterxml\jackson\core\jackson-annotations\2.11.1\jackson-annotations-2.11.1.jar;C:\Users\Gopal&apos;s PC\.m2\repository\io\springfox\springfox-spi\2.9.2\springfox-spi-2.9.2.jar;C:\Users\Gopal&apos;s PC\.m2\repository\io\springfox\springfox-core\2.9.2\springfox-core-2.9.2.jar;C:\Users\Gopal&apos;s PC\.m2\repository\io\springfox\springfox-schema\2.9.2\springfox-schema-2.9.2.jar;C:\Users\Gopal&apos;s PC\.m2\repository\io\springfox\springfox-swagger-common\2.9.2\springfox-swagger-common-2.9.2.jar;C:\Users\Gopal&apos;s PC\.m2\repository\io\springfox\springfox-spring-web\2.9.2\springfox-spring-web-2.9.2.jar;C:\Users\Gopal&apos;s PC\.m2\repository\com\google\guava\guava\29.0-android\guava-29.0-android.jar;C:\Users\Gopal&apos;s PC\.m2\repository\com\google\guava\failureaccess\1.0.1\failureaccess-1.0.1.jar;C:\Users\Gopal&apos;s PC\.m2\repository\com\google\guava\listenablefuture\9999.0-empty-to-avoid-conflict-with-guava\listenablefuture-9999.0-empty-to-avoid-conflict-with-guava.jar;C:\Users\Gopal&apos;s PC\.m2\repository\com\google\code\findbugs\jsr305\3.0.2\jsr305-3.0.2.jar;C:\Users\Gopal&apos;s PC\.m2\repository\org\checkerframework\checker-compat-qual\2.5.5\checker-compat-qual-2.5.5.jar;C:\Users\Gopal&apos;s PC\.m2\repository\com\google\errorprone\error_prone_annotations\2.3.4\error_prone_annotations-2.3.4.jar;C:\Users\Gopal&apos;s PC\.m2\repository\com\google\j2objc\j2objc-annotations\1.3\j2objc-annotations-1.3.jar;C:\Users\Gopal&apos;s PC\.m2\repository\com\fasterxml\classmate\1.5.1\classmate-1.5.1.jar;C:\Users\Gopal&apos;s PC\.m2\repository\org\springframework\plugin\spring-plugin-core\1.2.0.RELEASE\spring-plugin-core-1.2.0.RELEASE.jar;C:\Users\Gopal&apos;s PC\.m2\repository\org\springframework\plugin\spring-plugin-metadata\1.2.0.RELEASE\spring-plugin-metadata-1.2.0.RELEASE.jar;C:\Users\Gopal&apos;s PC\.m2\repository\org\mapstruct\mapstruct\1.2.0.Final\mapstruct-1.2.0.Final.jar;C:\Users\Gopal&apos;s PC\.m2\repository\io\springfox\springfox-swagger-ui\2.9.1\springfox-swagger-ui-2.9.1.jar;"/>
    <property name="java.vm.vendor" value="Oracle Corporation"/>
    <property name="sun.arch.data.model" value="64"/>
    <property name="user.variant" value=""/>
    <property name="java.vendor.url" value="https://java.oracle.com/"/>
    <property name="user.timezone" value="Asia/Calcutta"/>
    <property name="os.name" value="Windows 10"/>
    <property name="java.vm.specification.version" value="15"/>
    <property name="sun.java.launcher" value="SUN_STANDARD"/>
    <property name="user.country" value="IN"/>
    <property name="sun.boot.library.path" value="C:\Users\Gopal&apos;s PC\.p2\pool\plugins\org.eclipse.justj.openjdk.hotspot.jre.full.win32.x86_64_15.0.1.v20201027-0507\jre\bin"/>
    <property name="sun.java.command" value="C:\Users\GOPAL&apos;~1\AppData\Local\Temp\surefire8174140462707147940\surefirebooter9651372484481060688.jar C:\Users\Gopal&apos;s PC\AppData\Local\Temp\surefire8174140462707147940 2021-08-06T13-55-21_035-jvmRun1 surefire5022130860798844746tmp surefire_0904516971696879092tmp"/>
    <property name="jdk.debug" value="release"/>
    <property name="surefire.test.class.path" value="C:\Users\Gopal&apos;s PC\Desktop\Hands on\Hacker Rank\pension\Pension-Management-System-master\Pension-Management-System-master\process-pension-module\target\test-classes;C:\Users\Gopal&apos;s PC\Desktop\Hands on\Hacker Rank\pension\Pension-Management-System-master\Pension-Management-System-master\process-pension-module\target\classes;C:\Users\Gopal&apos;s PC\.m2\repository\nl\jqno\equalsverifier\equalsverifier\3.4.1\equalsverifier-3.4.1.jar;C:\Users\Gopal&apos;s PC\.m2\repository\io\github\robwin\assertj-swagger\0.6.0\assertj-swagger-0.6.0.jar;C:\Users\Gopal&apos;s PC\.m2\repository\io\swagger\swagger-compat-spec-parser\1.0.17\swagger-compat-spec-parser-1.0.17.jar;C:\Users\Gopal&apos;s PC\.m2\repository\io\swagger\swagger-core\1.5.6\swagger-core-1.5.6.jar;C:\Users\Gopal&apos;s PC\.m2\repository\org\apache\commons\commons-lang3\3.10\commons-lang3-3.10.jar;C:\Users\Gopal&apos;s PC\.m2\repository\com\fasterxml\jackson\datatype\jackson-datatype-joda\2.11.1\jackson-datatype-joda-2.11.1.jar;C:\Users\Gopal&apos;s PC\.m2\repository\com\fasterxml\jackson\dataformat\jackson-dataformat-yaml\2.11.1\jackson-dataformat-yaml-2.11.1.jar;C:\Users\Gopal&apos;s PC\.m2\repository\javax\validation\validation-api\2.0.1.Final\validation-api-2.0.1.Final.jar;C:\Users\Gopal&apos;s PC\.m2\repository\io\swagger\swagger-parser\1.0.17\swagger-parser-1.0.17.jar;C:\Users\Gopal&apos;s PC\.m2\repository\org\slf4j\slf4j-ext\1.7.30\slf4j-ext-1.7.30.jar;C:\Users\Gopal&apos;s PC\.m2\repository\commons-io\commons-io\2.4\commons-io-2.4.jar;C:\Users\Gopal&apos;s PC\.m2\repository\com\github\fge\json-schema-validator\2.2.3\json-schema-validator-2.2.3.jar;C:\Users\Gopal&apos;s PC\.m2\repository\joda-time\joda-time\2.3\joda-time-2.3.jar;C:\Users\Gopal&apos;s PC\.m2\repository\com\github\fge\json-schema-core\1.2.1\json-schema-core-1.2.1.jar;C:\Users\Gopal&apos;s PC\.m2\repository\com\github\fge\uri-template\0.9\uri-template-0.9.jar;C:\Users\Gopal&apos;s PC\.m2\repository\org\mozilla\rhino\1.7R4\rhino-1.7R4.jar;C:\Users\Gopal&apos;s PC\.m2\repository\com\googlecode\libphonenumber\libphonenumber\6.0\libphonenumber-6.0.jar;C:\Users\Gopal&apos;s PC\.m2\repository\javax\mail\mailapi\1.4.3\mailapi-1.4.3.jar;C:\Users\Gopal&apos;s PC\.m2\repository\javax\activation\activation\1.1\activation-1.1.jar;C:\Users\Gopal&apos;s PC\.m2\repository\net\sf\jopt-simple\jopt-simple\4.6\jopt-simple-4.6.jar;C:\Users\Gopal&apos;s PC\.m2\repository\com\github\fge\json-patch\1.6\json-patch-1.6.jar;C:\Users\Gopal&apos;s PC\.m2\repository\com\github\fge\jackson-coreutils\1.6\jackson-coreutils-1.6.jar;C:\Users\Gopal&apos;s PC\.m2\repository\com\github\fge\msg-simple\1.1\msg-simple-1.1.jar;C:\Users\Gopal&apos;s PC\.m2\repository\com\github\fge\btf\1.2\btf-1.2.jar;C:\Users\Gopal&apos;s PC\.m2\repository\org\apache\httpcomponents\httpclient\4.5.12\httpclient-4.5.12.jar;C:\Users\Gopal&apos;s PC\.m2\repository\org\apache\httpcomponents\httpcore\4.4.13\httpcore-4.4.13.jar;C:\Users\Gopal&apos;s PC\.m2\repository\commons-codec\commons-codec\1.14\commons-codec-1.14.jar;C:\Users\Gopal&apos;s PC\.m2\repository\commons-collections\commons-collections\3.2.1\commons-collections-3.2.1.jar;C:\Users\Gopal&apos;s PC\.m2\repository\org\slf4j\slf4j-api\1.7.30\slf4j-api-1.7.30.jar;C:\Users\Gopal&apos;s PC\.m2\repository\org\assertj\assertj-core\3.8.0\assertj-core-3.8.0.jar;C:\Users\Gopal&apos;s PC\.m2\repository\org\springframework\boot\spring-boot-starter-web\2.3.2.RELEASE\spring-boot-starter-web-2.3.2.RELEASE.jar;C:\Users\Gopal&apos;s PC\.m2\repository\org\springframework\boot\spring-boot-starter\2.3.2.RELEASE\spring-boot-starter-2.3.2.RELEASE.jar;C:\Users\Gopal&apos;s PC\.m2\repository\org\springframework\boot\spring-boot-starter-logging\2.3.2.RELEASE\spring-boot-starter-logging-2.3.2.RELEASE.jar;C:\Users\Gopal&apos;s PC\.m2\repository\ch\qos\logback\logback-classic\1.2.3\logback-classic-1.2.3.jar;C:\Users\Gopal&apos;s PC\.m2\repository\ch\qos\logback\logback-core\1.2.3\logback-core-1.2.3.jar;C:\Users\Gopal&apos;s PC\.m2\repository\org\apache\logging\log4j\log4j-to-slf4j\2.13.3\log4j-to-slf4j-2.13.3.jar;C:\Users\Gopal&apos;s PC\.m2\repository\org\apache\logging\log4j\log4j-api\2.13.3\log4j-api-2.13.3.jar;C:\Users\Gopal&apos;s PC\.m2\repository\org\slf4j\jul-to-slf4j\1.7.30\jul-to-slf4j-1.7.30.jar;C:\Users\Gopal&apos;s PC\.m2\repository\jakarta\annotation\jakarta.annotation-api\1.3.5\jakarta.annotation-api-1.3.5.jar;C:\Users\Gopal&apos;s PC\.m2\repository\org\yaml\snakeyaml\1.26\snakeyaml-1.26.jar;C:\Users\Gopal&apos;s PC\.m2\repository\org\springframework\boot\spring-boot-starter-json\2.3.2.RELEASE\spring-boot-starter-json-2.3.2.RELEASE.jar;C:\Users\Gopal&apos;s PC\.m2\repository\com\fasterxml\jackson\core\jackson-databind\2.11.1\jackson-databind-2.11.1.jar;C:\Users\Gopal&apos;s PC\.m2\repository\com\fasterxml\jackson\core\jackson-core\2.11.1\jackson-core-2.11.1.jar;C:\Users\Gopal&apos;s PC\.m2\repository\com\fasterxml\jackson\datatype\jackson-datatype-jdk8\2.11.1\jackson-datatype-jdk8-2.11.1.jar;C:\Users\Gopal&apos;s PC\.m2\repository\com\fasterxml\jackson\datatype\jackson-datatype-jsr310\2.11.1\jackson-datatype-jsr310-2.11.1.jar;C:\Users\Gopal&apos;s PC\.m2\repository\com\fasterxml\jackson\module\jackson-module-parameter-names\2.11.1\jackson-module-parameter-names-2.11.1.jar;C:\Users\Gopal&apos;s PC\.m2\repository\org\springframework\boot\spring-boot-starter-tomcat\2.3.2.RELEASE\spring-boot-starter-tomcat-2.3.2.RELEASE.jar;C:\Users\Gopal&apos;s PC\.m2\repository\org\apache\tomcat\embed\tomcat-embed-core\9.0.37\tomcat-embed-core-9.0.37.jar;C:\Users\Gopal&apos;s PC\.m2\repository\org\glassfish\jakarta.el\3.0.3\jakarta.el-3.0.3.jar;C:\Users\Gopal&apos;s PC\.m2\repository\org\apache\tomcat\embed\tomcat-embed-websocket\9.0.37\tomcat-embed-websocket-9.0.37.jar;C:\Users\Gopal&apos;s PC\.m2\repository\org\springframework\spring-web\5.2.8.RELEASE\spring-web-5.2.8.RELEASE.jar;C:\Users\Gopal&apos;s PC\.m2\repository\org\springframework\spring-beans\5.2.8.RELEASE\spring-beans-5.2.8.RELEASE.jar;C:\Users\Gopal&apos;s PC\.m2\repository\org\springframework\spring-webmvc\5.2.8.RELEASE\spring-webmvc-5.2.8.RELEASE.jar;C:\Users\Gopal&apos;s PC\.m2\repository\org\springframework\spring-aop\5.2.8.RELEASE\spring-aop-5.2.8.RELEASE.jar;C:\Users\Gopal&apos;s PC\.m2\repository\org\springframework\spring-context\5.2.8.RELEASE\spring-context-5.2.8.RELEASE.jar;C:\Users\Gopal&apos;s PC\.m2\repository\org\springframework\spring-expression\5.2.8.RELEASE\spring-expression-5.2.8.RELEASE.jar;C:\Users\Gopal&apos;s PC\.m2\repository\org\springframework\boot\spring-boot-devtools\2.3.2.RELEASE\spring-boot-devtools-2.3.2.RELEASE.jar;C:\Users\Gopal&apos;s PC\.m2\repository\org\springframework\boot\spring-boot\2.3.2.RELEASE\spring-boot-2.3.2.RELEASE.jar;C:\Users\Gopal&apos;s PC\.m2\repository\org\springframework\boot\spring-boot-autoconfigure\2.3.2.RELEASE\spring-boot-autoconfigure-2.3.2.RELEASE.jar;C:\Users\Gopal&apos;s PC\.m2\repository\org\springframework\boot\spring-boot-starter-test\2.3.2.RELEASE\spring-boot-starter-test-2.3.2.RELEASE.jar;C:\Users\Gopal&apos;s PC\.m2\repository\org\springframework\boot\spring-boot-test\2.3.2.RELEASE\spring-boot-test-2.3.2.RELEASE.jar;C:\Users\Gopal&apos;s PC\.m2\repository\org\springframework\boot\spring-boot-test-autoconfigure\2.3.2.RELEASE\spring-boot-test-autoconfigure-2.3.2.RELEASE.jar;C:\Users\Gopal&apos;s PC\.m2\repository\com\jayway\jsonpath\json-path\2.4.0\json-path-2.4.0.jar;C:\Users\Gopal&apos;s PC\.m2\repository\net\minidev\json-smart\2.3\json-smart-2.3.jar;C:\Users\Gopal&apos;s PC\.m2\repository\net\minidev\accessors-smart\1.2\accessors-smart-1.2.jar;C:\Users\Gopal&apos;s PC\.m2\repository\org\ow2\asm\asm\5.0.4\asm-5.0.4.jar;C:\Users\Gopal&apos;s PC\.m2\repository\jakarta\xml\bind\jakarta.xml.bind-api\2.3.3\jakarta.xml.bind-api-2.3.3.jar;C:\Users\Gopal&apos;s PC\.m2\repository\jakarta\activation\jakarta.activation-api\1.2.2\jakarta.activation-api-1.2.2.jar;C:\Users\Gopal&apos;s PC\.m2\repository\org\hamcrest\hamcrest\2.2\hamcrest-2.2.jar;C:\Users\Gopal&apos;s PC\.m2\repository\org\junit\jupiter\junit-jupiter\5.6.2\junit-jupiter-5.6.2.jar;C:\Users\Gopal&apos;s PC\.m2\repository\org\junit\jupiter\junit-jupiter-api\5.6.2\junit-jupiter-api-5.6.2.jar;C:\Users\Gopal&apos;s PC\.m2\repository\org\apiguardian\apiguardian-api\1.1.0\apiguardian-api-1.1.0.jar;C:\Users\Gopal&apos;s PC\.m2\repository\org\opentest4j\opentest4j\1.2.0\opentest4j-1.2.0.jar;C:\Users\Gopal&apos;s PC\.m2\repository\org\junit\platform\junit-platform-commons\1.6.2\junit-platform-commons-1.6.2.jar;C:\Users\Gopal&apos;s PC\.m2\repository\org\junit\jupiter\junit-jupiter-params\5.6.2\junit-jupiter-params-5.6.2.jar;C:\Users\Gopal&apos;s PC\.m2\repository\org\junit\jupiter\junit-jupiter-engine\5.6.2\junit-jupiter-engine-5.6.2.jar;C:\Users\Gopal&apos;s PC\.m2\repository\org\junit\platform\junit-platform-engine\1.6.2\junit-platform-engine-1.6.2.jar;C:\Users\Gopal&apos;s PC\.m2\repository\org\mockito\mockito-core\3.3.3\mockito-core-3.3.3.jar;C:\Users\Gopal&apos;s PC\.m2\repository\net\bytebuddy\byte-buddy\1.10.13\byte-buddy-1.10.13.jar;C:\Users\Gopal&apos;s PC\.m2\repository\net\bytebuddy\byte-buddy-agent\1.10.13\byte-buddy-agent-1.10.13.jar;C:\Users\Gopal&apos;s PC\.m2\repository\org\objenesis\objenesis\2.6\objenesis-2.6.jar;C:\Users\Gopal&apos;s PC\.m2\repository\org\mockito\mockito-junit-jupiter\3.3.3\mockito-junit-jupiter-3.3.3.jar;C:\Users\Gopal&apos;s PC\.m2\repository\org\skyscreamer\jsonassert\1.5.0\jsonassert-1.5.0.jar;C:\Users\Gopal&apos;s PC\.m2\repository\com\vaadin\external\google\android-json\0.0.20131108.vaadin1\android-json-0.0.20131108.vaadin1.jar;C:\Users\Gopal&apos;s PC\.m2\repository\org\springframework\spring-core\5.2.8.RELEASE\spring-core-5.2.8.RELEASE.jar;C:\Users\Gopal&apos;s PC\.m2\repository\org\springframework\spring-jcl\5.2.8.RELEASE\spring-jcl-5.2.8.RELEASE.jar;C:\Users\Gopal&apos;s PC\.m2\repository\org\springframework\spring-test\5.2.8.RELEASE\spring-test-5.2.8.RELEASE.jar;C:\Users\Gopal&apos;s PC\.m2\repository\org\xmlunit\xmlunit-core\2.7.0\xmlunit-core-2.7.0.jar;C:\Users\Gopal&apos;s PC\.m2\repository\org\projectlombok\lombok\1.18.12\lombok-1.18.12.jar;C:\Users\Gopal&apos;s PC\.m2\repository\org\springframework\cloud\spring-cloud-starter-openfeign\2.2.3.RELEASE\spring-cloud-starter-openfeign-2.2.3.RELEASE.jar;C:\Users\Gopal&apos;s PC\.m2\repository\org\springframework\cloud\spring-cloud-starter\2.2.3.RELEASE\spring-cloud-starter-2.2.3.RELEASE.jar;C:\Users\Gopal&apos;s PC\.m2\repository\org\springframework\cloud\spring-cloud-context\2.2.3.RELEASE\spring-cloud-context-2.2.3.RELEASE.jar;C:\Users\Gopal&apos;s PC\.m2\repository\org\springframework\security\spring-security-rsa\1.0.9.RELEASE\spring-security-rsa-1.0.9.RELEASE.jar;C:\Users\Gopal&apos;s PC\.m2\repository\org\bouncycastle\bcpkix-jdk15on\1.64\bcpkix-jdk15on-1.64.jar;C:\Users\Gopal&apos;s PC\.m2\repository\org\bouncycastle\bcprov-jdk15on\1.64\bcprov-jdk15on-1.64.jar;C:\Users\Gopal&apos;s PC\.m2\repository\org\springframework\cloud\spring-cloud-openfeign-core\2.2.3.RELEASE\spring-cloud-openfeign-core-2.2.3.RELEASE.jar;C:\Users\Gopal&apos;s PC\.m2\repository\org\springframework\cloud\spring-cloud-netflix-ribbon\2.2.3.RELEASE\spring-cloud-netflix-ribbon-2.2.3.RELEASE.jar;C:\Users\Gopal&apos;s PC\.m2\repository\org\springframework\cloud\spring-cloud-netflix-archaius\2.2.3.RELEASE\spring-cloud-netflix-archaius-2.2.3.RELEASE.jar;C:\Users\Gopal&apos;s PC\.m2\repository\org\springframework\boot\spring-boot-starter-aop\2.3.2.RELEASE\spring-boot-starter-aop-2.3.2.RELEASE.jar;C:\Users\Gopal&apos;s PC\.m2\repository\org\aspectj\aspectjweaver\1.9.6\aspectjweaver-1.9.6.jar;C:\Users\Gopal&apos;s PC\.m2\repository\io\github\openfeign\form\feign-form-spring\3.8.0\feign-form-spring-3.8.0.jar;C:\Users\Gopal&apos;s PC\.m2\repository\io\github\openfeign\form\feign-form\3.8.0\feign-form-3.8.0.jar;C:\Users\Gopal&apos;s PC\.m2\repository\commons-fileupload\commons-fileupload\1.4\commons-fileupload-1.4.jar;C:\Users\Gopal&apos;s PC\.m2\repository\org\springframework\cloud\spring-cloud-commons\2.2.3.RELEASE\spring-cloud-commons-2.2.3.RELEASE.jar;C:\Users\Gopal&apos;s PC\.m2\repository\org\springframework\security\spring-security-crypto\5.3.3.RELEASE\spring-security-crypto-5.3.3.RELEASE.jar;C:\Users\Gopal&apos;s PC\.m2\repository\io\github\openfeign\feign-core\10.10.1\feign-core-10.10.1.jar;C:\Users\Gopal&apos;s PC\.m2\repository\io\github\openfeign\feign-slf4j\10.10.1\feign-slf4j-10.10.1.jar;C:\Users\Gopal&apos;s PC\.m2\repository\io\github\openfeign\feign-hystrix\10.10.1\feign-hystrix-10.10.1.jar;C:\Users\Gopal&apos;s PC\.m2\repository\com\netflix\archaius\archaius-core\0.7.6\archaius-core-0.7.6.jar;C:\Users\Gopal&apos;s PC\.m2\repository\commons-configuration\commons-configuration\1.8\commons-configuration-1.8.jar;C:\Users\Gopal&apos;s PC\.m2\repository\commons-lang\commons-lang\2.6\commons-lang-2.6.jar;C:\Users\Gopal&apos;s PC\.m2\repository\com\netflix\hystrix\hystrix-core\1.5.18\hystrix-core-1.5.18.jar;C:\Users\Gopal&apos;s PC\.m2\repository\io\reactivex\rxjava\1.3.8\rxjava-1.3.8.jar;C:\Users\Gopal&apos;s PC\.m2\repository\org\hdrhistogram\HdrHistogram\2.1.9\HdrHistogram-2.1.9.jar;C:\Users\Gopal&apos;s PC\.m2\repository\io\springfox\springfox-swagger2\2.9.2\springfox-swagger2-2.9.2.jar;C:\Users\Gopal&apos;s PC\.m2\repository\io\swagger\swagger-annotations\1.5.20\swagger-annotations-1.5.20.jar;C:\Users\Gopal&apos;s PC\.m2\repository\io\swagger\swagger-models\1.5.20\swagger-models-1.5.20.jar;C:\Users\Gopal&apos;s PC\.m2\repository\com\fasterxml\jackson\core\jackson-annotations\2.11.1\jackson-annotations-2.11.1.jar;C:\Users\Gopal&apos;s PC\.m2\repository\io\springfox\springfox-spi\2.9.2\springfox-spi-2.9.2.jar;C:\Users\Gopal&apos;s PC\.m2\repository\io\springfox\springfox-core\2.9.2\springfox-core-2.9.2.jar;C:\Users\Gopal&apos;s PC\.m2\repository\io\springfox\springfox-schema\2.9.2\springfox-schema-2.9.2.jar;C:\Users\Gopal&apos;s PC\.m2\repository\io\springfox\springfox-swagger-common\2.9.2\springfox-swagger-common-2.9.2.jar;C:\Users\Gopal&apos;s PC\.m2\repository\io\springfox\springfox-spring-web\2.9.2\springfox-spring-web-2.9.2.jar;C:\Users\Gopal&apos;s PC\.m2\repository\com\google\guava\guava\29.0-android\guava-29.0-android.jar;C:\Users\Gopal&apos;s PC\.m2\repository\com\google\guava\failureaccess\1.0.1\failureaccess-1.0.1.jar;C:\Users\Gopal&apos;s PC\.m2\repository\com\google\guava\listenablefuture\9999.0-empty-to-avoid-conflict-with-guava\listenablefuture-9999.0-empty-to-avoid-conflict-with-guava.jar;C:\Users\Gopal&apos;s PC\.m2\repository\com\google\code\findbugs\jsr305\3.0.2\jsr305-3.0.2.jar;C:\Users\Gopal&apos;s PC\.m2\repository\org\checkerframework\checker-compat-qual\2.5.5\checker-compat-qual-2.5.5.jar;C:\Users\Gopal&apos;s PC\.m2\repository\com\google\errorprone\error_prone_annotations\2.3.4\error_prone_annotations-2.3.4.jar;C:\Users\Gopal&apos;s PC\.m2\repository\com\google\j2objc\j2objc-annotations\1.3\j2objc-annotations-1.3.jar;C:\Users\Gopal&apos;s PC\.m2\repository\com\fasterxml\classmate\1.5.1\classmate-1.5.1.jar;C:\Users\Gopal&apos;s PC\.m2\repository\org\springframework\plugin\spring-plugin-core\1.2.0.RELEASE\spring-plugin-core-1.2.0.RELEASE.jar;C:\Users\Gopal&apos;s PC\.m2\repository\org\springframework\plugin\spring-plugin-metadata\1.2.0.RELEASE\spring-plugin-metadata-1.2.0.RELEASE.jar;C:\Users\Gopal&apos;s PC\.m2\repository\org\mapstruct\mapstruct\1.2.0.Final\mapstruct-1.2.0.Final.jar;C:\Users\Gopal&apos;s PC\.m2\repository\io\springfox\springfox-swagger-ui\2.9.1\springfox-swagger-ui-2.9.1.jar;"/>
    <property name="sun.cpu.endian" value="little"/>
    <property name="user.home" value="C:\Users\Gopal&apos;s PC"/>
    <property name="user.language" value="en"/>
    <property name="java.specification.vendor" value="Oracle Corporation"/>
    <property name="java.version.date" value="2020-10-20"/>
    <property name="java.home" value="C:\Users\Gopal&apos;s PC\.p2\pool\plugins\org.eclipse.justj.openjdk.hotspot.jre.full.win32.x86_64_15.0.1.v20201027-0507\jre"/>
    <property name="file.separator" value="\"/>
    <property name="basedir" value="C:\Users\Gopal&apos;s PC\Desktop\Hands on\Hacker Rank\pension\Pension-Management-System-master\Pension-Management-System-master\process-pension-module"/>
    <property name="java.vm.compressedOopsMode" value="32-bit"/>
    <property name="line.separator" value="&#10;"/>
    <property name="java.vm.specification.vendor" value="Oracle Corporation"/>
    <property name="java.specification.name" value="Java Platform API Specification"/>
    <property name="surefire.real.class.path" value="C:\Users\GOPAL&apos;~1\AppData\Local\Temp\surefire8174140462707147940\surefirebooter9651372484481060688.jar"/>
    <property name="user.script" value=""/>
    <property name="sun.management.compiler" value="HotSpot 64-Bit Tiered Compilers"/>
    <property name="java.runtime.version" value="15.0.1+9-18"/>
    <property name="user.name" value="Gopal&apos;s PC"/>
    <property name="path.separator" value=";"/>
    <property name="os.version" value="10.0"/>
    <property name="java.runtime.name" value="OpenJDK Runtime Environment"/>
    <property name="file.encoding" value="Cp1252"/>
    <property name="java.vm.name" value="OpenJDK 64-Bit Server VM"/>
    <property name="localRepository" value="C:\Users\Gopal&apos;s PC\.m2\repository"/>
    <property name="java.vendor.url.bug" value="https://bugreport.java.com/bugreport/"/>
    <property name="java.io.tmpdir" value="C:\Users\GOPAL&apos;~1\AppData\Local\Temp\"/>
    <property name="java.version" value="15.0.1"/>
    <property name="user.dir" value="C:\Users\Gopal&apos;s PC\Desktop\Hands on\Hacker Rank\pension\Pension-Management-System-master\Pension-Management-System-master\process-pension-module"/>
    <property name="os.arch" value="amd64"/>
    <property name="java.vm.specification.name" value="Java Virtual Machine Specification"/>
    <property name="sun.os.patch.level" value=""/>
    <property name="java.library.path" value="C:\Users\Gopal&apos;s PC\.p2\pool\plugins\org.eclipse.justj.openjdk.hotspot.jre.full.win32.x86_64_15.0.1.v20201027-0507\jre\bin;C:\Windows\Sun\Java\bin;C:\Windows\system32;C:\Windows;C:/Users/Gopal&apos;s PC/.p2/pool/plugins/org.eclipse.justj.openjdk.hotspot.jre.full.win32.x86_64_15.0.1.v20201027-0507/jre/bin/server;C:/Users/Gopal&apos;s PC/.p2/pool/plugins/org.eclipse.justj.openjdk.hotspot.jre.full.win32.x86_64_15.0.1.v20201027-0507/jre/bin;C:\Program Files (x86)\Common Files\Oracle\Java\javapath;C:\Windows\system32;C:\Windows;C:\Windows\System32\Wbem;C:\Windows\System32\WindowsPowerShell\v1.0\;C:\Windows\System32\OpenSSH\;C:\Program Files\dotnet\;C:\Program Files\Microsoft SQL Server\130\Tools\Binn\;C:\Program Files\Microsoft SQL Server\Client SDK\ODBC\170\Tools\Binn\;C:\Program Files\Java\jdk1.8.0_271\bin;C:\Program Files\Git\cmd;C:\Program Files\MySQL\MySQL Shell 8.0\bin\;C:\Users\Gopal&apos;s PC\AppData\Local\Microsoft\WindowsApps;C:\Users\Gopal&apos;s PC\AppData\Local\Programs\Microsoft VS Code\bin;C:\Users\Gopal&apos;s PC\.dotnet\tools;C:\Users\Gopal&apos;s PC\AppData\Local\atom\bin;C:\Users\Gopal&apos;s PC\eclipse\jee-2020-09\eclipse;;."/>
    <property name="java.vm.info" value="mixed mode"/>
    <property name="java.vendor" value="Oracle Corporation"/>
    <property name="java.vm.version" value="15.0.1+9-18"/>
    <property name="sun.io.unicode.encoding" value="UnicodeLittle"/>
    <property name="java.class.version" value="59.0"/>
  </properties>
  <testcase name="testPensionerNotFoundException" classname="com.cognizant.processpensionmodule.exception.ProcessPensionExceptionTest" time="0"/>
  <testcase name="testTokenInvalidException" classname="com.cognizant.processpensionmodule.exception.ProcessPensionExceptionTest" time="0.001"/>
  <testcase name="testPensionerInputNotFoundException" classname="com.cognizant.processpensionmodule.exception.ProcessPensionExceptionTest" time="0"/>
</testsuite>